Call to a member function prepare() on null
#0 C:\MAMP\htdocs\nourriture-terrestre\src\Manager\Cache.php(29): App\Entity\Menus->getLastMenu()
#1 C:\MAMP\htdocs\nourriture-terrestre\src\DataFetcher\DataFetcher.php(26): App\Manager\Cache::getCache()
#2 C:\MAMP\htdocs\nourriture-terrestre\src\Controllers\HomeController.php(15): App\DataFetcher\DataFetcher::getData()
#3 C:\MAMP\htdocs\nourriture-terrestre\src\Core\Router.php(137): App\Controllers\HomeController->index()
#4 C:\MAMP\htdocs\nourriture-terrestre\src\Core\Router.php(95): App\Core\Router->dispatch('/index', 'GET')
#5 C:\MAMP\htdocs\nourriture-terrestre\index.php(26): App\Core\Router->handleRequest()
#6 {main}Cannot access offset of type string on string
#0 C:\MAMP\htdocs\nourriture-terrestre\src\Controllers\AbstractController.php(11): require()
#1 C:\MAMP\htdocs\nourriture-terrestre\src\Controllers\HomeController.php(21): App\Controllers\AbstractController->render('home', Array)
#2 C:\MAMP\htdocs\nourriture-terrestre\src\Core\Router.php(137): App\Controllers\HomeController->index()
#3 C:\MAMP\htdocs\nourriture-terrestre\src\Core\Router.php(95): App\Core\Router->dispatch('/index', 'GET')
#4 C:\MAMP\htdocs\nourriture-terrestre\index.php(26): App\Core\Router->handleRequest()
#5 {main}Cannot access offset of type string on string
#0 C:\MAMP\htdocs\nourriture-terrestre\src\Controllers\AbstractController.php(11): require()
#1 C:\MAMP\htdocs\nourriture-terrestre\src\Controllers\HomeController.php(21): App\Controllers\AbstractController->render('home', Array)
#2 C:\MAMP\htdocs\nourriture-terrestre\src\Core\Router.php(137): App\Controllers\HomeController->index()
#3 C:\MAMP\htdocs\nourriture-terrestre\src\Core\Router.php(95): App\Core\Router->dispatch('/index', 'GET')
#4 C:\MAMP\htdocs\nourriture-terrestre\index.php(26): App\Core\Router->handleRequest()
#5 {main}Cannot access offset of type string on string
#0 C:\MAMP\htdocs\nourriture-terrestre\src\Controllers\AbstractController.php(11): require()
#1 C:\MAMP\htdocs\nourriture-terrestre\src\Controllers\HomeController.php(21): App\Controllers\AbstractController->render('home', Array)
#2 C:\MAMP\htdocs\nourriture-terrestre\src\Core\Router.php(137): App\Controllers\HomeController->index()
#3 C:\MAMP\htdocs\nourriture-terrestre\src\Core\Router.php(95): App\Core\Router->dispatch('/index', 'GET')
#4 C:\MAMP\htdocs\nourriture-terrestre\index.php(26): App\Core\Router->handleRequest()
#5 {main}Cannot access offset of type string on string
#0 C:\MAMP\htdocs\nourriture-terrestre\src\Controllers\AbstractController.php(11): require()
#1 C:\MAMP\htdocs\nourriture-terrestre\src\Controllers\HomeController.php(21): App\Controllers\AbstractController->render('home', Array)
#2 C:\MAMP\htdocs\nourriture-terrestre\src\Core\Router.php(137): App\Controllers\HomeController->index()
#3 C:\MAMP\htdocs\nourriture-terrestre\src\Core\Router.php(95): App\Core\Router->dispatch('/index', 'GET')
#4 C:\MAMP\htdocs\nourriture-terrestre\index.php(26): App\Core\Router->handleRequest()
#5 {main}Cannot access offset of type string on string
#0 C:\MAMP\htdocs\nourriture-terrestre\src\Controllers\AbstractController.php(11): require()
#1 C:\MAMP\htdocs\nourriture-terrestre\src\Controllers\HomeController.php(21): App\Controllers\AbstractController->render('home', Array)
#2 C:\MAMP\htdocs\nourriture-terrestre\src\Core\Router.php(137): App\Controllers\HomeController->index()
#3 C:\MAMP\htdocs\nourriture-terrestre\src\Core\Router.php(95): App\Core\Router->dispatch('/index', 'GET')
#4 C:\MAMP\htdocs\nourriture-terrestre\index.php(26): App\Core\Router->handleRequest()
#5 {main}Cannot access offset of type string on string
#0 C:\MAMP\htdocs\nourriture-terrestre\src\Controllers\AbstractController.php(11): require()
#1 C:\MAMP\htdocs\nourriture-terrestre\src\Controllers\HomeController.php(21): App\Controllers\AbstractController->render('home', Array)
#2 C:\MAMP\htdocs\nourriture-terrestre\src\Core\Router.php(137): App\Controllers\HomeController->index()
#3 C:\MAMP\htdocs\nourriture-terrestre\src\Core\Router.php(95): App\Core\Router->dispatch('/index', 'GET')
#4 C:\MAMP\htdocs\nourriture-terrestre\index.php(26): App\Core\Router->handleRequest()
#5 {main}syntax error, unexpected token ";"
#0 C:\MAMP\htdocs\nourriture-terrestre\vendor\composer\ClassLoader.php(427): Composer\Autoload\{closure}('C:\\MAMP\\htdocs\\...')
#1 C:\MAMP\htdocs\nourriture-terrestre\src\DataFetcher\DataFetcher.php(26): Composer\Autoload\ClassLoader->loadClass('App\\Manager\\Cac...')
#2 C:\MAMP\htdocs\nourriture-terrestre\src\Controllers\HomeController.php(15): App\DataFetcher\DataFetcher::getData()
#3 C:\MAMP\htdocs\nourriture-terrestre\src\Core\Router.php(137): App\Controllers\HomeController->index()
#4 C:\MAMP\htdocs\nourriture-terrestre\src\Core\Router.php(95): App\Core\Router->dispatch('/index', 'GET')
#5 C:\MAMP\htdocs\nourriture-terrestre\index.php(26): App\Core\Router->handleRequest()
#6 {main}syntax error, unexpected token ";"
#0 C:\MAMP\htdocs\nourriture-terrestre\vendor\composer\ClassLoader.php(427): Composer\Autoload\{closure}('C:\\MAMP\\htdocs\\...')
#1 C:\MAMP\htdocs\nourriture-terrestre\src\DataFetcher\DataFetcher.php(26): Composer\Autoload\ClassLoader->loadClass('App\\Manager\\Cac...')
#2 C:\MAMP\htdocs\nourriture-terrestre\src\Controllers\HomeController.php(15): App\DataFetcher\DataFetcher::getData()
#3 C:\MAMP\htdocs\nourriture-terrestre\src\Core\Router.php(137): App\Controllers\HomeController->index()
#4 C:\MAMP\htdocs\nourriture-terrestre\src\Core\Router.php(95): App\Core\Router->dispatch('/', 'GET')
#5 C:\MAMP\htdocs\nourriture-terrestre\index.php(26): App\Core\Router->handleRequest()
#6 {main}syntax error, unexpected token ";"
#0 C:\MAMP\htdocs\nourriture-terrestre\vendor\composer\ClassLoader.php(427): Composer\Autoload\{closure}('C:\\MAMP\\htdocs\\...')
#1 C:\MAMP\htdocs\nourriture-terrestre\src\DataFetcher\DataFetcher.php(26): Composer\Autoload\ClassLoader->loadClass('App\\Manager\\Cac...')
#2 C:\MAMP\htdocs\nourriture-terrestre\src\Controllers\HomeController.php(15): App\DataFetcher\DataFetcher::getData()
#3 C:\MAMP\htdocs\nourriture-terrestre\src\Core\Router.php(137): App\Controllers\HomeController->index()
#4 C:\MAMP\htdocs\nourriture-terrestre\src\Core\Router.php(95): App\Core\Router->dispatch('/index', 'GET')
#5 C:\MAMP\htdocs\nourriture-terrestre\index.php(26): App\Core\Router->handleRequest()
#6 {main}syntax error, unexpected token ";"
#0 C:\MAMP\htdocs\nourriture-terrestre\vendor\composer\ClassLoader.php(427): Composer\Autoload\{closure}('C:\\MAMP\\htdocs\\...')
#1 C:\MAMP\htdocs\nourriture-terrestre\src\DataFetcher\DataFetcher.php(26): Composer\Autoload\ClassLoader->loadClass('App\\Manager\\Cac...')
#2 C:\MAMP\htdocs\nourriture-terrestre\src\Controllers\HomeController.php(15): App\DataFetcher\DataFetcher::getData()
#3 C:\MAMP\htdocs\nourriture-terrestre\src\Core\Router.php(137): App\Controllers\HomeController->index()
#4 C:\MAMP\htdocs\nourriture-terrestre\src\Core\Router.php(95): App\Core\Router->dispatch('/index', 'GET')
#5 C:\MAMP\htdocs\nourriture-terrestre\index.php(26): App\Core\Router->handleRequest()
#6 {main}syntax error, unexpected token ";"
#0 C:\MAMP\htdocs\nourriture-terrestre\vendor\composer\ClassLoader.php(427): Composer\Autoload\{closure}('C:\\MAMP\\htdocs\\...')
#1 C:\MAMP\htdocs\nourriture-terrestre\src\DataFetcher\DataFetcher.php(26): Composer\Autoload\ClassLoader->loadClass('App\\Manager\\Cac...')
#2 C:\MAMP\htdocs\nourriture-terrestre\src\Controllers\HomeController.php(15): App\DataFetcher\DataFetcher::getData()
#3 C:\MAMP\htdocs\nourriture-terrestre\src\Core\Router.php(137): App\Controllers\HomeController->index()
#4 C:\MAMP\htdocs\nourriture-terrestre\src\Core\Router.php(95): App\Core\Router->dispatch('/index', 'GET')
#5 C:\MAMP\htdocs\nourriture-terrestre\index.php(26): App\Core\Router->handleRequest()
#6 {main}syntax error, unexpected token ";"
#0 C:\MAMP\htdocs\nourriture-terrestre\vendor\composer\ClassLoader.php(427): Composer\Autoload\{closure}('C:\\MAMP\\htdocs\\...')
#1 C:\MAMP\htdocs\nourriture-terrestre\src\DataFetcher\DataFetcher.php(26): Composer\Autoload\ClassLoader->loadClass('App\\Manager\\Cac...')
#2 C:\MAMP\htdocs\nourriture-terrestre\src\Controllers\HomeController.php(15): App\DataFetcher\DataFetcher::getData()
#3 C:\MAMP\htdocs\nourriture-terrestre\src\Core\Router.php(137): App\Controllers\HomeController->index()
#4 C:\MAMP\htdocs\nourriture-terrestre\src\Core\Router.php(95): App\Core\Router->dispatch('/index', 'GET')
#5 C:\MAMP\htdocs\nourriture-terrestre\index.php(26): App\Core\Router->handleRequest()
#6 {main}SQLSTATE[42000]: Syntax error or access violation: 1064 You have an error in your SQL syntax; check the manual that corresponds to your MariaDB server version for the right syntax to use near '\Model\Menu LIMIT 1' at line 1
#0 C:\MAMP\htdocs\nourriture-terrestre\src\Core\QueryBuilder.php(66): PDOStatement->execute(Array)
#1 C:\MAMP\htdocs\nourriture-terrestre\src\Core\QueryBuilder.php(74): App\Core\QueryBuilder->get()
#2 C:\MAMP\htdocs\nourriture-terrestre\src\Model\Model.php(43): App\Core\QueryBuilder->first()
#3 C:\MAMP\htdocs\nourriture-terrestre\src\Manager\Cache.php(31): App\Model\Model::last()
#4 C:\MAMP\htdocs\nourriture-terrestre\src\DataFetcher\DataFetcher.php(26): App\Manager\Cache::getCache()
#5 C:\MAMP\htdocs\nourriture-terrestre\src\Controllers\HomeController.php(15): App\DataFetcher\DataFetcher::getData()
#6 C:\MAMP\htdocs\nourriture-terrestre\src\Core\Router.php(137): App\Controllers\HomeController->index()
#7 C:\MAMP\htdocs\nourriture-terrestre\src\Core\Router.php(95): App\Core\Router->dispatch('/index', 'GET')
#8 C:\MAMP\htdocs\nourriture-terrestre\index.php(26): App\Core\Router->handleRequest()
#9 {main}SQLSTATE[42000]: Syntax error or access violation: 1064 You have an error in your SQL syntax; check the manual that corresponds to your MariaDB server version for the right syntax to use near '\Model\Menu LIMIT 1' at line 1
#0 C:\MAMP\htdocs\nourriture-terrestre\src\Core\QueryBuilder.php(66): PDOStatement->execute(Array)
#1 C:\MAMP\htdocs\nourriture-terrestre\src\Core\QueryBuilder.php(74): App\Core\QueryBuilder->get()
#2 C:\MAMP\htdocs\nourriture-terrestre\src\Model\Model.php(43): App\Core\QueryBuilder->first()
#3 C:\MAMP\htdocs\nourriture-terrestre\src\Manager\Cache.php(31): App\Model\Model::last()
#4 C:\MAMP\htdocs\nourriture-terrestre\src\DataFetcher\DataFetcher.php(26): App\Manager\Cache::getCache()
#5 C:\MAMP\htdocs\nourriture-terrestre\src\Controllers\HomeController.php(15): App\DataFetcher\DataFetcher::getData()
#6 C:\MAMP\htdocs\nourriture-terrestre\src\Core\Router.php(137): App\Controllers\HomeController->index()
#7 C:\MAMP\htdocs\nourriture-terrestre\src\Core\Router.php(95): App\Core\Router->dispatch('/index', 'GET')
#8 C:\MAMP\htdocs\nourriture-terrestre\index.php(26): App\Core\Router->handleRequest()
#9 {main}SQLSTATE[42000]: Syntax error or access violation: 1064 You have an error in your SQL syntax; check the manual that corresponds to your MariaDB server version for the right syntax to use near '\Model\Menu LIMIT 1' at line 1
#0 C:\MAMP\htdocs\nourriture-terrestre\src\Core\QueryBuilder.php(66): PDOStatement->execute(Array)
#1 C:\MAMP\htdocs\nourriture-terrestre\src\Core\QueryBuilder.php(74): App\Core\QueryBuilder->get()
#2 C:\MAMP\htdocs\nourriture-terrestre\src\Model\Model.php(43): App\Core\QueryBuilder->first()
#3 C:\MAMP\htdocs\nourriture-terrestre\src\Manager\Cache.php(31): App\Model\Model::last()
#4 C:\MAMP\htdocs\nourriture-terrestre\src\DataFetcher\DataFetcher.php(26): App\Manager\Cache::getCache()
#5 C:\MAMP\htdocs\nourriture-terrestre\src\Controllers\HomeController.php(15): App\DataFetcher\DataFetcher::getData()
#6 C:\MAMP\htdocs\nourriture-terrestre\src\Core\Router.php(137): App\Controllers\HomeController->index()
#7 C:\MAMP\htdocs\nourriture-terrestre\src\Core\Router.php(95): App\Core\Router->dispatch('/index', 'GET')
#8 C:\MAMP\htdocs\nourriture-terrestre\index.php(26): App\Core\Router->handleRequest()
#9 {main}App\Model\Model::last(): Return value must be of type ?App\Model\Model, array returned
#0 C:\MAMP\htdocs\nourriture-terrestre\src\Manager\Cache.php(31): App\Model\Model::last()
#1 C:\MAMP\htdocs\nourriture-terrestre\src\DataFetcher\DataFetcher.php(26): App\Manager\Cache::getCache()
#2 C:\MAMP\htdocs\nourriture-terrestre\src\Controllers\HomeController.php(15): App\DataFetcher\DataFetcher::getData()
#3 C:\MAMP\htdocs\nourriture-terrestre\src\Core\Router.php(137): App\Controllers\HomeController->index()
#4 C:\MAMP\htdocs\nourriture-terrestre\src\Core\Router.php(95): App\Core\Router->dispatch('/index', 'GET')
#5 C:\MAMP\htdocs\nourriture-terrestre\index.php(26): App\Core\Router->handleRequest()
#6 {main}Typed property App\Model\BaseModel::$id must not be accessed before initialization
#0 C:\MAMP\htdocs\nourriture-terrestre\src\Model\Menu.php(28): App\Model\BaseModel->hasMany('App\\Model\\Dish', 'menu_id')
#1 C:\MAMP\htdocs\nourriture-terrestre\src\Manager\Cache.php(31): App\Model\Menu->dishes()
#2 C:\MAMP\htdocs\nourriture-terrestre\src\DataFetcher\DataFetcher.php(26): App\Manager\Cache::getCache()
#3 C:\MAMP\htdocs\nourriture-terrestre\src\Controllers\HomeController.php(15): App\DataFetcher\DataFetcher::getData()
#4 C:\MAMP\htdocs\nourriture-terrestre\src\Core\Router.php(137): App\Controllers\HomeController->index()
#5 C:\MAMP\htdocs\nourriture-terrestre\src\Core\Router.php(95): App\Core\Router->dispatch('/index', 'GET')
#6 C:\MAMP\htdocs\nourriture-terrestre\index.php(26): App\Core\Router->handleRequest()
#7 {main}Cannot use object of type App\Model\Menu as array
#0 C:\MAMP\htdocs\nourriture-terrestre\src\DataFetcher\DataFetcher.php(26): App\Manager\Cache::getCache()
#1 C:\MAMP\htdocs\nourriture-terrestre\src\Controllers\HomeController.php(15): App\DataFetcher\DataFetcher::getData()
#2 C:\MAMP\htdocs\nourriture-terrestre\src\Core\Router.php(137): App\Controllers\HomeController->index()
#3 C:\MAMP\htdocs\nourriture-terrestre\src\Core\Router.php(95): App\Core\Router->dispatch('/index', 'GET')
#4 C:\MAMP\htdocs\nourriture-terrestre\index.php(26): App\Core\Router->handleRequest()
#5 {main}Call to undefined method App\Model\Menu::id()
#0 C:\MAMP\htdocs\nourriture-terrestre\src\Model\BaseModel.php(57): App\Model\BaseModel->fillFromArray(Array)
#1 C:\MAMP\htdocs\nourriture-terrestre\src\Core\QueryBuilder.php(71): App\Model\BaseModel::fromArray(Array)
#2 [internal function]: App\Core\QueryBuilder->App\Core\{closure}(Array)
#3 C:\MAMP\htdocs\nourriture-terrestre\src\Core\QueryBuilder.php(69): array_map(Object(Closure), Array)
#4 C:\MAMP\htdocs\nourriture-terrestre\src\Core\QueryBuilder.php(80): App\Core\QueryBuilder->get()
#5 C:\MAMP\htdocs\nourriture-terrestre\src\Model\Model.php(45): App\Core\QueryBuilder->first()
#6 C:\MAMP\htdocs\nourriture-terrestre\src\Manager\Cache.php(29): App\Model\Model::last()
#7 C:\MAMP\htdocs\nourriture-terrestre\src\DataFetcher\DataFetcher.php(26): App\Manager\Cache::getCache()
#8 C:\MAMP\htdocs\nourriture-terrestre\src\Controllers\HomeController.php(15): App\DataFetcher\DataFetcher::getData()
#9 C:\MAMP\htdocs\nourriture-terrestre\src\Core\Router.php(137): App\Controllers\HomeController->index()
#10 C:\MAMP\htdocs\nourriture-terrestre\src\Core\Router.php(95): App\Core\Router->dispatch('/index', 'GET')
#11 C:\MAMP\htdocs\nourriture-terrestre\index.php(26): App\Core\Router->handleRequest()
#12 {main}Call to undefined method App\Model\Menu::set()
#0 C:\MAMP\htdocs\nourriture-terrestre\src\Model\BaseModel.php(57): App\Model\BaseModel->fillFromArray(Array)
#1 C:\MAMP\htdocs\nourriture-terrestre\src\Core\QueryBuilder.php(71): App\Model\BaseModel::fromArray(Array)
#2 [internal function]: App\Core\QueryBuilder->App\Core\{closure}(Array)
#3 C:\MAMP\htdocs\nourriture-terrestre\src\Core\QueryBuilder.php(69): array_map(Object(Closure), Array)
#4 C:\MAMP\htdocs\nourriture-terrestre\src\Core\QueryBuilder.php(80): App\Core\QueryBuilder->get()
#5 C:\MAMP\htdocs\nourriture-terrestre\src\Model\Model.php(45): App\Core\QueryBuilder->first()
#6 C:\MAMP\htdocs\nourriture-terrestre\src\Manager\Cache.php(29): App\Model\Model::last()
#7 C:\MAMP\htdocs\nourriture-terrestre\src\DataFetcher\DataFetcher.php(26): App\Manager\Cache::getCache()
#8 C:\MAMP\htdocs\nourriture-terrestre\src\Controllers\HomeController.php(15): App\DataFetcher\DataFetcher::getData()
#9 C:\MAMP\htdocs\nourriture-terrestre\src\Core\Router.php(137): App\Controllers\HomeController->index()
#10 C:\MAMP\htdocs\nourriture-terrestre\src\Core\Router.php(95): App\Core\Router->dispatch('/index', 'GET')
#11 C:\MAMP\htdocs\nourriture-terrestre\index.php(26): App\Core\Router->handleRequest()
#12 {main}SQLSTATE[42000]: Syntax error or access violation: 1064 You have an error in your SQL syntax; check the manual that corresponds to your MariaDB server version for the right syntax to use near 'asc' at line 1
#0 C:\MAMP\htdocs\nourriture-terrestre\src\Core\QueryBuilder.php(66): PDOStatement->execute(Array)
#1 C:\MAMP\htdocs\nourriture-terrestre\src\Model\Model.php(29): App\Core\QueryBuilder->get()
#2 C:\MAMP\htdocs\nourriture-terrestre\src\Controllers\UserController.php(18): App\Model\Model::all()
#3 C:\MAMP\htdocs\nourriture-terrestre\src\Core\Router.php(137): App\Controllers\UserController->index()
#4 C:\MAMP\htdocs\nourriture-terrestre\src\Core\Router.php(95): App\Core\Router->dispatch('/users', 'GET')
#5 C:\MAMP\htdocs\nourriture-terrestre\index.php(26): App\Core\Router->handleRequest()
#6 {main}Cannot use object of type App\Model\User as array
#0 C:\MAMP\htdocs\nourriture-terrestre\src\Controllers\AbstractController.php(11): require()
#1 C:\MAMP\htdocs\nourriture-terrestre\src\Controllers\OrderController.php(152): App\Controllers\AbstractController->render('commande', Array)
#2 C:\MAMP\htdocs\nourriture-terrestre\src\Core\Router.php(137): App\Controllers\OrderController->create()
#3 C:\MAMP\htdocs\nourriture-terrestre\src\Core\Router.php(95): App\Core\Router->dispatch('/commande', 'GET')
#4 C:\MAMP\htdocs\nourriture-terrestre\index.php(26): App\Core\Router->handleRequest()
#5 {main}Cannot use object of type App\Model\User as array
#0 C:\MAMP\htdocs\nourriture-terrestre\src\Controllers\AbstractController.php(11): require()
#1 C:\MAMP\htdocs\nourriture-terrestre\src\Controllers\OrderController.php(152): App\Controllers\AbstractController->render('commande', Array)
#2 C:\MAMP\htdocs\nourriture-terrestre\src\Core\Router.php(137): App\Controllers\OrderController->create()
#3 C:\MAMP\htdocs\nourriture-terrestre\src\Core\Router.php(95): App\Core\Router->dispatch('/commande', 'GET')
#4 C:\MAMP\htdocs\nourriture-terrestre\index.php(26): App\Core\Router->handleRequest()
#5 {main}Cannot use object of type App\Model\Dish as array
#0 C:\MAMP\htdocs\nourriture-terrestre\src\Controllers\AbstractController.php(11): require()
#1 C:\MAMP\htdocs\nourriture-terrestre\src\Controllers\OrderController.php(152): App\Controllers\AbstractController->render('commande', Array)
#2 C:\MAMP\htdocs\nourriture-terrestre\src\Core\Router.php(137): App\Controllers\OrderController->create()
#3 C:\MAMP\htdocs\nourriture-terrestre\src\Core\Router.php(95): App\Core\Router->dispatch('/commande', 'GET')
#4 C:\MAMP\htdocs\nourriture-terrestre\index.php(26): App\Core\Router->handleRequest()
#5 {main}Cannot use object of type App\Model\Menu as array
#0 C:\MAMP\htdocs\nourriture-terrestre\src\Core\Router.php(137): App\Controllers\OrderController->index()
#1 C:\MAMP\htdocs\nourriture-terrestre\src\Core\Router.php(95): App\Core\Router->dispatch('/display-orders', 'GET')
#2 C:\MAMP\htdocs\nourriture-terrestre\index.php(26): App\Core\Router->handleRequest()
#3 {main}Cannot use object of type App\Model\User as array
#0 C:\MAMP\htdocs\nourriture-terrestre\src\Controllers\OrderController.php(49): App\Helper\HelperUser::tabUsersById(Array)
#1 C:\MAMP\htdocs\nourriture-terrestre\src\Core\Router.php(137): App\Controllers\OrderController->index()
#2 C:\MAMP\htdocs\nourriture-terrestre\src\Core\Router.php(95): App\Core\Router->dispatch('/display-orders', 'GET')
#3 C:\MAMP\htdocs\nourriture-terrestre\index.php(26): App\Core\Router->handleRequest()
#4 {main}Cannot use object of type App\Model\User as array
#0 C:\MAMP\htdocs\nourriture-terrestre\src\Controllers\OrderController.php(49): App\Helper\HelperUser::tabUsersById(Array)
#1 C:\MAMP\htdocs\nourriture-terrestre\src\Core\Router.php(137): App\Controllers\OrderController->index()
#2 C:\MAMP\htdocs\nourriture-terrestre\src\Core\Router.php(95): App\Core\Router->dispatch('/display-orders', 'GET')
#3 C:\MAMP\htdocs\nourriture-terrestre\index.php(26): App\Core\Router->handleRequest()
#4 {main}Call to undefined method App\Model\Dish::fillFromArray()
#0 [internal function]: App\Model\BaseModel->App\Model\{closure}(Array)
#1 C:\MAMP\htdocs\nourriture-terrestre\src\Model\BaseModel.php(83): array_map(Object(Closure), Array)
#2 C:\MAMP\htdocs\nourriture-terrestre\src\Model\Order.php(30): App\Model\BaseModel->belongsToMany('App\\Model\\Dish', 'order_dishes', 'order_id', 'dish_id')
#3 C:\MAMP\htdocs\nourriture-terrestre\src\Helper\HelperOrder.php(12): App\Model\Order->dishes()
#4 C:\MAMP\htdocs\nourriture-terrestre\src\Controllers\OrderController.php(57): App\Helper\HelperOrder::handleTodayOrders(Array)
#5 C:\MAMP\htdocs\nourriture-terrestre\src\Core\Router.php(137): App\Controllers\OrderController->index()
#6 C:\MAMP\htdocs\nourriture-terrestre\src\Core\Router.php(95): App\Core\Router->dispatch('/display-orders', 'GET')
#7 C:\MAMP\htdocs\nourriture-terrestre\index.php(26): App\Core\Router->handleRequest()
#8 {main}Cannot use object of type App\Model\Order as array
#0 C:\MAMP\htdocs\nourriture-terrestre\src\Controllers\OrderController.php(57): App\Helper\HelperOrder::handleTodayOrders(Array)
#1 C:\MAMP\htdocs\nourriture-terrestre\src\Core\Router.php(137): App\Controllers\OrderController->index()
#2 C:\MAMP\htdocs\nourriture-terrestre\src\Core\Router.php(95): App\Core\Router->dispatch('/display-orders', 'GET')
#3 C:\MAMP\htdocs\nourriture-terrestre\index.php(26): App\Core\Router->handleRequest()
#4 {main}Cannot use object of type App\Model\Dish as array
#0 C:\MAMP\htdocs\nourriture-terrestre\src\Controllers\AbstractController.php(11): require()
#1 C:\MAMP\htdocs\nourriture-terrestre\src\Controllers\OrderController.php(62): App\Controllers\AbstractController->render('display-orders', Array)
#2 C:\MAMP\htdocs\nourriture-terrestre\src\Core\Router.php(137): App\Controllers\OrderController->index()
#3 C:\MAMP\htdocs\nourriture-terrestre\src\Core\Router.php(95): App\Core\Router->dispatch('/display-orders', 'GET')
#4 C:\MAMP\htdocs\nourriture-terrestre\index.php(26): App\Core\Router->handleRequest()
#5 {main}Cannot use object of type App\Model\Dish as array
#0 C:\MAMP\htdocs\nourriture-terrestre\src\Controllers\AbstractController.php(11): require()
#1 C:\MAMP\htdocs\nourriture-terrestre\src\Controllers\OrderController.php(62): App\Controllers\AbstractController->render('display-orders', Array)
#2 C:\MAMP\htdocs\nourriture-terrestre\src\Core\Router.php(137): App\Controllers\OrderController->index()
#3 C:\MAMP\htdocs\nourriture-terrestre\src\Core\Router.php(95): App\Core\Router->dispatch('/display-orders', 'GET')
#4 C:\MAMP\htdocs\nourriture-terrestre\index.php(26): App\Core\Router->handleRequest()
#5 {main}Cannot use object of type App\Model\Dish as array
#0 C:\MAMP\htdocs\nourriture-terrestre\src\Controllers\AbstractController.php(11): require()
#1 C:\MAMP\htdocs\nourriture-terrestre\src\Controllers\OrderController.php(62): App\Controllers\AbstractController->render('display-orders', Array)
#2 C:\MAMP\htdocs\nourriture-terrestre\src\Core\Router.php(137): App\Controllers\OrderController->index()
#3 C:\MAMP\htdocs\nourriture-terrestre\src\Core\Router.php(95): App\Core\Router->dispatch('/display-orders', 'GET')
#4 C:\MAMP\htdocs\nourriture-terrestre\index.php(26): App\Core\Router->handleRequest()
#5 {main}SQLSTATE[42S22]: Column not found: 1054 Unknown column 'user_id' in 'WHERE'
#0 C:\MAMP\htdocs\nourriture-terrestre\src\Core\QueryBuilder.php(66): PDOStatement->execute(Array)
#1 C:\MAMP\htdocs\nourriture-terrestre\src\Core\QueryBuilder.php(81): App\Core\QueryBuilder->get()
#2 C:\MAMP\htdocs\nourriture-terrestre\src\Model\BaseModel.php(53): App\Core\QueryBuilder->first()
#3 C:\MAMP\htdocs\nourriture-terrestre\src\Model\Order.php(25): App\Model\BaseModel->belongsTo('App\\Model\\User', 'user_id')
#4 C:\MAMP\htdocs\nourriture-terrestre\views\display-orders.php(47): App\Model\Order->user()
#5 C:\MAMP\htdocs\nourriture-terrestre\src\Controllers\AbstractController.php(11): require('C:\\MAMP\\htdocs\\...')
#6 C:\MAMP\htdocs\nourriture-terrestre\src\Controllers\OrderController.php(62): App\Controllers\AbstractController->render('display-orders', Array)
#7 C:\MAMP\htdocs\nourriture-terrestre\src\Core\Router.php(137): App\Controllers\OrderController->index()
#8 C:\MAMP\htdocs\nourriture-terrestre\src\Core\Router.php(95): App\Core\Router->dispatch('/display-orders', 'GET')
#9 C:\MAMP\htdocs\nourriture-terrestre\index.php(26): App\Core\Router->handleRequest()
#10 {main}SQLSTATE[42S22]: Column not found: 1054 Unknown column 'user_id' in 'WHERE'
#0 C:\MAMP\htdocs\nourriture-terrestre\src\Core\QueryBuilder.php(66): PDOStatement->execute(Array)
#1 C:\MAMP\htdocs\nourriture-terrestre\src\Model\BaseModel.php(53): App\Core\QueryBuilder->get()
#2 C:\MAMP\htdocs\nourriture-terrestre\src\Model\Order.php(25): App\Model\BaseModel->belongsTo('App\\Model\\User', 'user_id')
#3 C:\MAMP\htdocs\nourriture-terrestre\views\display-orders.php(47): App\Model\Order->user()
#4 C:\MAMP\htdocs\nourriture-terrestre\src\Controllers\AbstractController.php(11): require('C:\\MAMP\\htdocs\\...')
#5 C:\MAMP\htdocs\nourriture-terrestre\src\Controllers\OrderController.php(62): App\Controllers\AbstractController->render('display-orders', Array)
#6 C:\MAMP\htdocs\nourriture-terrestre\src\Core\Router.php(137): App\Controllers\OrderController->index()
#7 C:\MAMP\htdocs\nourriture-terrestre\src\Core\Router.php(95): App\Core\Router->dispatch('/display-orders', 'GET')
#8 C:\MAMP\htdocs\nourriture-terrestre\index.php(26): App\Core\Router->handleRequest()
#9 {main}SQLSTATE[42S22]: Column not found: 1054 Unknown column 'user_id' in 'WHERE'
#0 C:\MAMP\htdocs\nourriture-terrestre\src\Core\QueryBuilder.php(66): PDOStatement->execute(Array)
#1 C:\MAMP\htdocs\nourriture-terrestre\src\Model\BaseModel.php(53): App\Core\QueryBuilder->get()
#2 C:\MAMP\htdocs\nourriture-terrestre\src\Model\Order.php(25): App\Model\BaseModel->belongsTo('App\\Model\\User', 'user_id')
#3 C:\MAMP\htdocs\nourriture-terrestre\views\display-orders.php(47): App\Model\Order->user()
#4 C:\MAMP\htdocs\nourriture-terrestre\src\Controllers\AbstractController.php(11): require('C:\\MAMP\\htdocs\\...')
#5 C:\MAMP\htdocs\nourriture-terrestre\src\Controllers\OrderController.php(62): App\Controllers\AbstractController->render('display-orders', Array)
#6 C:\MAMP\htdocs\nourriture-terrestre\src\Core\Router.php(137): App\Controllers\OrderController->index()
#7 C:\MAMP\htdocs\nourriture-terrestre\src\Core\Router.php(95): App\Core\Router->dispatch('/display-orders', 'GET')
#8 C:\MAMP\htdocs\nourriture-terrestre\index.php(26): App\Core\Router->handleRequest()
#9 {main}Cannot use object of type App\Model\Dish as array
#0 C:\MAMP\htdocs\nourriture-terrestre\src\Controllers\AbstractController.php(11): require()
#1 C:\MAMP\htdocs\nourriture-terrestre\src\Controllers\OrderController.php(62): App\Controllers\AbstractController->render('display-orders', Array)
#2 C:\MAMP\htdocs\nourriture-terrestre\src\Core\Router.php(137): App\Controllers\OrderController->index()
#3 C:\MAMP\htdocs\nourriture-terrestre\src\Core\Router.php(95): App\Core\Router->dispatch('/display-orders', 'GET')
#4 C:\MAMP\htdocs\nourriture-terrestre\index.php(26): App\Core\Router->handleRequest()
#5 {main}PDOStatement::bindValue(): Argument #1 ($param) must be greater than or equal to 1
#0 C:\MAMP\htdocs\nourriture-terrestre\src\Entity\AbstractEntity.php(54): PDOStatement->bindValue(0, ':name')
#1 C:\MAMP\htdocs\nourriture-terrestre\src\Entity\AbstractEntity.php(65): App\Entity\AbstractEntity->prepareQuery('SELECT * FROM d...', Array)
#2 C:\MAMP\htdocs\nourriture-terrestre\src\Entity\AbstractEntity.php(27): App\Entity\AbstractEntity->executeFetch('SELECT * FROM d...', Array)
#3 C:\MAMP\htdocs\nourriture-terrestre\src\Entity\Dishes.php(20): App\Entity\AbstractEntity->findEntity('SELECT * FROM d...', Array)
#4 C:\MAMP\htdocs\nourriture-terrestre\src\Manager\MenuManager.php(62): App\Entity\Dishes->findOneByName('Soupe froide co...')
#5 C:\MAMP\htdocs\nourriture-terrestre\src\DataFetcher\DataFetcher.php(44): App\Manager\MenuManager->buildMenu()
#6 C:\MAMP\htdocs\nourriture-terrestre\src\Controllers\HomeController.php(15): App\DataFetcher\DataFetcher::getData()
#7 C:\MAMP\htdocs\nourriture-terrestre\src\Core\Router.php(137): App\Controllers\HomeController->index()
#8 C:\MAMP\htdocs\nourriture-terrestre\src\Core\Router.php(95): App\Core\Router->dispatch('/index', 'GET')
#9 C:\MAMP\htdocs\nourriture-terrestre\index.php(26): App\Core\Router->handleRequest()
#10 {main}syntax error, unexpected variable "$menuId"
#0 C:\MAMP\htdocs\nourriture-terrestre\vendor\composer\ClassLoader.php(427): Composer\Autoload\{closure}('C:\\MAMP\\htdocs\\...')
#1 C:\MAMP\htdocs\nourriture-terrestre\src\DataFetcher\DataFetcher.php(26): Composer\Autoload\ClassLoader->loadClass('App\\Manager\\Men...')
#2 C:\MAMP\htdocs\nourriture-terrestre\src\Controllers\HomeController.php(15): App\DataFetcher\DataFetcher::getData()
#3 C:\MAMP\htdocs\nourriture-terrestre\src\Core\Router.php(137): App\Controllers\HomeController->index()
#4 C:\MAMP\htdocs\nourriture-terrestre\src\Core\Router.php(95): App\Core\Router->dispatch('/index', 'GET')
#5 C:\MAMP\htdocs\nourriture-terrestre\index.php(26): App\Core\Router->handleRequest()
#6 {main}syntax error, unexpected variable "$menuId"
#0 C:\MAMP\htdocs\nourriture-terrestre\vendor\composer\ClassLoader.php(427): Composer\Autoload\{closure}('C:\\MAMP\\htdocs\\...')
#1 C:\MAMP\htdocs\nourriture-terrestre\src\DataFetcher\DataFetcher.php(26): Composer\Autoload\ClassLoader->loadClass('App\\Manager\\Men...')
#2 C:\MAMP\htdocs\nourriture-terrestre\src\Controllers\HomeController.php(15): App\DataFetcher\DataFetcher::getData()
#3 C:\MAMP\htdocs\nourriture-terrestre\src\Core\Router.php(137): App\Controllers\HomeController->index()
#4 C:\MAMP\htdocs\nourriture-terrestre\src\Core\Router.php(95): App\Core\Router->dispatch('/index', 'GET')
#5 C:\MAMP\htdocs\nourriture-terrestre\index.php(26): App\Core\Router->handleRequest()
#6 {main}syntax error, unexpected variable "$menuId"
#0 C:\MAMP\htdocs\nourriture-terrestre\vendor\composer\ClassLoader.php(427): Composer\Autoload\{closure}('C:\\MAMP\\htdocs\\...')
#1 C:\MAMP\htdocs\nourriture-terrestre\src\DataFetcher\DataFetcher.php(26): Composer\Autoload\ClassLoader->loadClass('App\\Manager\\Men...')
#2 C:\MAMP\htdocs\nourriture-terrestre\src\Controllers\HomeController.php(15): App\DataFetcher\DataFetcher::getData()
#3 C:\MAMP\htdocs\nourriture-terrestre\src\Core\Router.php(137): App\Controllers\HomeController->index()
#4 C:\MAMP\htdocs\nourriture-terrestre\src\Core\Router.php(95): App\Core\Router->dispatch('/index', 'GET')
#5 C:\MAMP\htdocs\nourriture-terrestre\index.php(26): App\Core\Router->handleRequest()
#6 {main}syntax error, unexpected variable "$menuId"
#0 C:\MAMP\htdocs\nourriture-terrestre\vendor\composer\ClassLoader.php(427): Composer\Autoload\{closure}('C:\\MAMP\\htdocs\\...')
#1 C:\MAMP\htdocs\nourriture-terrestre\src\DataFetcher\DataFetcher.php(26): Composer\Autoload\ClassLoader->loadClass('App\\Manager\\Men...')
#2 C:\MAMP\htdocs\nourriture-terrestre\src\Controllers\HomeController.php(15): App\DataFetcher\DataFetcher::getData()
#3 C:\MAMP\htdocs\nourriture-terrestre\src\Core\Router.php(137): App\Controllers\HomeController->index()
#4 C:\MAMP\htdocs\nourriture-terrestre\src\Core\Router.php(95): App\Core\Router->dispatch('/index', 'GET')
#5 C:\MAMP\htdocs\nourriture-terrestre\index.php(26): App\Core\Router->handleRequest()
#6 {main}syntax error, unexpected variable "$menuId"
#0 C:\MAMP\htdocs\nourriture-terrestre\vendor\composer\ClassLoader.php(427): Composer\Autoload\{closure}('C:\\MAMP\\htdocs\\...')
#1 C:\MAMP\htdocs\nourriture-terrestre\src\DataFetcher\DataFetcher.php(26): Composer\Autoload\ClassLoader->loadClass('App\\Manager\\Men...')
#2 C:\MAMP\htdocs\nourriture-terrestre\src\Controllers\HomeController.php(15): App\DataFetcher\DataFetcher::getData()
#3 C:\MAMP\htdocs\nourriture-terrestre\src\Core\Router.php(137): App\Controllers\HomeController->index()
#4 C:\MAMP\htdocs\nourriture-terrestre\src\Core\Router.php(95): App\Core\Router->dispatch('/index', 'GET')
#5 C:\MAMP\htdocs\nourriture-terrestre\index.php(26): App\Core\Router->handleRequest()
#6 {main}syntax error, unexpected variable "$menuId"
#0 C:\MAMP\htdocs\nourriture-terrestre\vendor\composer\ClassLoader.php(427): Composer\Autoload\{closure}('C:\\MAMP\\htdocs\\...')
#1 C:\MAMP\htdocs\nourriture-terrestre\src\DataFetcher\DataFetcher.php(26): Composer\Autoload\ClassLoader->loadClass('App\\Manager\\Men...')
#2 C:\MAMP\htdocs\nourriture-terrestre\src\Controllers\HomeController.php(15): App\DataFetcher\DataFetcher::getData()
#3 C:\MAMP\htdocs\nourriture-terrestre\src\Core\Router.php(137): App\Controllers\HomeController->index()
#4 C:\MAMP\htdocs\nourriture-terrestre\src\Core\Router.php(95): App\Core\Router->dispatch('/index', 'GET')
#5 C:\MAMP\htdocs\nourriture-terrestre\index.php(26): App\Core\Router->handleRequest()
#6 {main}syntax error, unexpected variable "$menuId"
#0 C:\MAMP\htdocs\nourriture-terrestre\vendor\composer\ClassLoader.php(427): Composer\Autoload\{closure}('C:\\MAMP\\htdocs\\...')
#1 C:\MAMP\htdocs\nourriture-terrestre\src\DataFetcher\DataFetcher.php(26): Composer\Autoload\ClassLoader->loadClass('App\\Manager\\Men...')
#2 C:\MAMP\htdocs\nourriture-terrestre\src\Controllers\HomeController.php(15): App\DataFetcher\DataFetcher::getData()
#3 C:\MAMP\htdocs\nourriture-terrestre\src\Core\Router.php(137): App\Controllers\HomeController->index()
#4 C:\MAMP\htdocs\nourriture-terrestre\src\Core\Router.php(95): App\Core\Router->dispatch('/index', 'GET')
#5 C:\MAMP\htdocs\nourriture-terrestre\index.php(26): App\Core\Router->handleRequest()
#6 {main}syntax error, unexpected variable "$menuId"
#0 C:\MAMP\htdocs\nourriture-terrestre\vendor\composer\ClassLoader.php(427): Composer\Autoload\{closure}('C:\\MAMP\\htdocs\\...')
#1 C:\MAMP\htdocs\nourriture-terrestre\src\DataFetcher\DataFetcher.php(26): Composer\Autoload\ClassLoader->loadClass('App\\Manager\\Men...')
#2 C:\MAMP\htdocs\nourriture-terrestre\src\Controllers\HomeController.php(15): App\DataFetcher\DataFetcher::getData()
#3 C:\MAMP\htdocs\nourriture-terrestre\src\Core\Router.php(137): App\Controllers\HomeController->index()
#4 C:\MAMP\htdocs\nourriture-terrestre\src\Core\Router.php(95): App\Core\Router->dispatch('/index', 'GET')
#5 C:\MAMP\htdocs\nourriture-terrestre\index.php(26): App\Core\Router->handleRequest()
#6 {main}syntax error, unexpected variable "$menuId"
#0 C:\MAMP\htdocs\nourriture-terrestre\vendor\composer\ClassLoader.php(427): Composer\Autoload\{closure}('C:\\MAMP\\htdocs\\...')
#1 C:\MAMP\htdocs\nourriture-terrestre\src\DataFetcher\DataFetcher.php(26): Composer\Autoload\ClassLoader->loadClass('App\\Manager\\Men...')
#2 C:\MAMP\htdocs\nourriture-terrestre\src\Controllers\HomeController.php(15): App\DataFetcher\DataFetcher::getData()
#3 C:\MAMP\htdocs\nourriture-terrestre\src\Core\Router.php(137): App\Controllers\HomeController->index()
#4 C:\MAMP\htdocs\nourriture-terrestre\src\Core\Router.php(95): App\Core\Router->dispatch('/index', 'GET')
#5 C:\MAMP\htdocs\nourriture-terrestre\index.php(26): App\Core\Router->handleRequest()
#6 {main}Call to a member function dishes() on array
#0 C:\MAMP\htdocs\nourriture-terrestre\src\Controllers\AbstractController.php(11): require()
#1 C:\MAMP\htdocs\nourriture-terrestre\src\Controllers\HomeController.php(17): App\Controllers\AbstractController->render('home', Array)
#2 C:\MAMP\htdocs\nourriture-terrestre\src\Core\Router.php(137): App\Controllers\HomeController->index()
#3 C:\MAMP\htdocs\nourriture-terrestre\src\Core\Router.php(95): App\Core\Router->dispatch('/index', 'GET')
#4 C:\MAMP\htdocs\nourriture-terrestre\index.php(26): App\Core\Router->handleRequest()
#5 {main}Call to a member function dishes() on array
#0 C:\MAMP\htdocs\nourriture-terrestre\src\Controllers\AbstractController.php(11): require()
#1 C:\MAMP\htdocs\nourriture-terrestre\src\Controllers\HomeController.php(17): App\Controllers\AbstractController->render('home', Array)
#2 C:\MAMP\htdocs\nourriture-terrestre\src\Core\Router.php(137): App\Controllers\HomeController->index()
#3 C:\MAMP\htdocs\nourriture-terrestre\src\Core\Router.php(95): App\Core\Router->dispatch('/index', 'GET')
#4 C:\MAMP\htdocs\nourriture-terrestre\index.php(26): App\Core\Router->handleRequest()
#5 {main}Call to undefined method App\Database\Database::pdo()
#0 C:\MAMP\htdocs\nourriture-terrestre\src\Model\Order.php(54): App\Model\Model::syncPivot('order_dishes', Array, Array, 'dish_id')
#1 C:\MAMP\htdocs\nourriture-terrestre\src\Controllers\OrderController.php(80): App\Model\Order->syncDishes(Array)
#2 C:\MAMP\htdocs\nourriture-terrestre\src\Core\Router.php(135): App\Controllers\OrderController->edit(Object(App\Http\Request), 385)
#3 C:\MAMP\htdocs\nourriture-terrestre\src\Core\Router.php(107): App\Core\Router->dispatch('/edit-order/:or...', 'POST', Array)
#4 C:\MAMP\htdocs\nourriture-terrestre\index.php(26): App\Core\Router->handleRequest()
#5 {main}Object of class App\Model\Dish could not be converted to string
#0 C:\MAMP\htdocs\nourriture-terrestre\src\Controllers\OrderController.php(84): array_diff(Array, Array)
#1 C:\MAMP\htdocs\nourriture-terrestre\src\Core\Router.php(135): App\Controllers\OrderController->edit(Object(App\Http\Request), 385)
#2 C:\MAMP\htdocs\nourriture-terrestre\src\Core\Router.php(107): App\Core\Router->dispatch('/edit-order/:or...', 'POST', Array)
#3 C:\MAMP\htdocs\nourriture-terrestre\index.php(26): App\Core\Router->handleRequest()
#4 {main}Call to undefined method App\Model\Dish::getId()
#0 C:\MAMP\htdocs\nourriture-terrestre\src\Controllers\OrderController.php(84): App\Controllers\OrderController->hasMatchingQuantities(Array, Array)
#1 C:\MAMP\htdocs\nourriture-terrestre\src\Core\Router.php(135): App\Controllers\OrderController->edit(Object(App\Http\Request), 385)
#2 C:\MAMP\htdocs\nourriture-terrestre\src\Core\Router.php(107): App\Core\Router->dispatch('/edit-order/:or...', 'POST', Array)
#3 C:\MAMP\htdocs\nourriture-terrestre\index.php(26): App\Core\Router->handleRequest()
#4 {main}htmlspecialchars(): Argument #1 ($string) must be of type string, array given
#0 C:\MAMP\htdocs\nourriture-terrestre\views\layout.php(19): htmlspecialchars(Array)
#1 C:\MAMP\htdocs\nourriture-terrestre\src\Controllers\AbstractController.php(16): require('C:\\MAMP\\htdocs\\...')
#2 C:\MAMP\htdocs\nourriture-terrestre\src\Controllers\OrderController.php(52): App\Controllers\AbstractController->render('display-orders', Array)
#3 C:\MAMP\htdocs\nourriture-terrestre\src\Core\Router.php(137): App\Controllers\OrderController->index()
#4 C:\MAMP\htdocs\nourriture-terrestre\src\Core\Router.php(95): App\Core\Router->dispatch('/display-orders', 'GET')
#5 C:\MAMP\htdocs\nourriture-terrestre\index.php(26): App\Core\Router->handleRequest()
#6 {main}htmlspecialchars(): Argument #1 ($string) must be of type string, array given
#0 C:\MAMP\htdocs\nourriture-terrestre\views\layout.php(21): htmlspecialchars(Array)
#1 C:\MAMP\htdocs\nourriture-terrestre\src\Controllers\AbstractController.php(16): require('C:\\MAMP\\htdocs\\...')
#2 C:\MAMP\htdocs\nourriture-terrestre\src\Controllers\OrderController.php(52): App\Controllers\AbstractController->render('display-orders', Array)
#3 C:\MAMP\htdocs\nourriture-terrestre\src\Core\Router.php(137): App\Controllers\OrderController->index()
#4 C:\MAMP\htdocs\nourriture-terrestre\src\Core\Router.php(95): App\Core\Router->dispatch('/display-orders', 'GET')
#5 C:\MAMP\htdocs\nourriture-terrestre\index.php(26): App\Core\Router->handleRequest()
#6 {main}syntax error, unexpected end of file
#0 C:\MAMP\htdocs\nourriture-terrestre\src\Controllers\HomeController.php(19): App\Controllers\AbstractController->render('home', Array)
#1 C:\MAMP\htdocs\nourriture-terrestre\src\Core\Router.php(137): App\Controllers\HomeController->index()
#2 C:\MAMP\htdocs\nourriture-terrestre\src\Core\Router.php(95): App\Core\Router->dispatch('/index', 'GET')
#3 C:\MAMP\htdocs\nourriture-terrestre\index.php(26): App\Core\Router->handleRequest()
#4 {main}Call to a member function dishes() on null
#0 C:\MAMP\htdocs\nourriture-terrestre\src\Core\Router.php(137): App\Controllers\HomeController->index()
#1 C:\MAMP\htdocs\nourriture-terrestre\src\Core\Router.php(95): App\Core\Router->dispatch('/index', 'GET')
#2 C:\MAMP\htdocs\nourriture-terrestre\index.php(26): App\Core\Router->handleRequest()
#3 {main}Call to a member function dishes() on null
#0 C:\MAMP\htdocs\nourriture-terrestre\src\Core\Router.php(137): App\Controllers\HomeController->index()
#1 C:\MAMP\htdocs\nourriture-terrestre\src\Core\Router.php(95): App\Core\Router->dispatch('/index', 'GET')
#2 C:\MAMP\htdocs\nourriture-terrestre\index.php(26): App\Core\Router->handleRequest()
#3 {main}Call to a member function dishes() on null
#0 C:\MAMP\htdocs\nourriture-terrestre\src\Core\Router.php(137): App\Controllers\HomeController->index()
#1 C:\MAMP\htdocs\nourriture-terrestre\src\Core\Router.php(95): App\Core\Router->dispatch('/index', 'GET')
#2 C:\MAMP\htdocs\nourriture-terrestre\index.php(26): App\Core\Router->handleRequest()
#3 {main}Call to a member function dishes() on null
#0 C:\MAMP\htdocs\nourriture-terrestre\src\Core\Router.php(137): App\Controllers\HomeController->index()
#1 C:\MAMP\htdocs\nourriture-terrestre\src\Core\Router.php(95): App\Core\Router->dispatch('/index', 'GET')
#2 C:\MAMP\htdocs\nourriture-terrestre\index.php(26): App\Core\Router->handleRequest()
#3 {main}